Update Managed Component 12 From CMP-2008-02959-1[04025C103MAT2A] To CMP-2008-02959-1[04025C103MAT2A] in bout.SchDoc
Update Managed Component C6 From CMP-2008-02959-1[04025C103MAT2A] To CMP-2008-02959-1[04025C103MAT2A] in bout.SchDoc
Update Managed Component C7 From CMP-2008-02959-1[04025C103MAT2A] To CMP-2008-02959-1[04025C103MAT2A] in bout.SchDoc
Update Managed Component C13 From CMP-2008-02959-1[04025C103MAT2A] To CMP-2008-02959-1[04025C103MAT2A] in bout.SchDoc
Replace Part IC2 MCP6002-I_P in C:\Users\Public\Documents\Altium\Projects\soldeer\bout.SchDoc with MCP6002-I_P from dualopamp.SchLib
Replace Part K2 1714971 in C:\Users\Public\Documents\Altium\Projects\soldeer\bout.SchDoc with 1714971 from terminal.SchLib
Replace Part K8 1714971 in C:\Users\Public\Documents\Altium\Projects\soldeer\bout.SchDoc with 1714971 from terminal.SchLib
Replace Part L2 CM2545X171B-10 in C:\Users\Public\Documents\Altium\Projects\soldeer\bout.SchDoc with CM2545X171B-10 from smoor2.SchLib
Update Managed Component R1 From CMP-07231-002235-1[CR0805-JW-183ELF] To CMP-07231-002235-1[CR0805-JW-183ELF] in bout.SchDoc
Update Managed Component R4 From CMP-2002-00121-1[CRCW04025K60FKED] To CMP-2002-00121-1[CRCW04025K60FKED] in bout.SchDoc
Update Managed Component R5 From CMP-2002-00121-1[CRCW04025K60FKED] To CMP-2002-00121-1[CRCW04025K60FKED] in bout.SchDoc
Replace Part R8 CHP0805AFX-1000ELF in C:\Users\Public\Documents\Altium\Projects\soldeer\bout.SchDoc with CHP0805AFX-1000ELF from 100ohm.SchLib
Update Managed Component R11 From CMP-07231-002235-1[CR0805-JW-183ELF] To CMP-07231-002235-1[CR0805-JW-183ELF] in bout.SchDoc
Update Managed Component R12 From CMP-07231-002235-1[CR0805-JW-183ELF] To CMP-07231-002235-1[CR0805-JW-183ELF] in bout.SchDoc
Update Managed Component R13 From CMP-2002-00121-1[CRCW04025K60FKED] To CMP-2002-00121-1[CRCW04025K60FKED] in bout.SchDoc
Update Managed Component R14 From CMP-2002-00121-1[CRCW04025K60FKED] To CMP-2002-00121-1[CRCW04025K60FKED] in bout.SchDoc
Replace Part R15 CHP0805AFX-1000ELF in C:\Users\Public\Documents\Altium\Projects\soldeer\bout.SchDoc with CHP0805AFX-1000ELF from 100ohm.SchLib
Update Managed Component R17 From CMP-03211-000377-1[RN73C2A4K7BTDF] To CMP-03211-000377-1[RN73C2A4K7BTDF] in bout.SchDoc
Replace Part R18 CHP0805AFX-1000ELF in C:\Users\Public\Documents\Altium\Projects\soldeer\bout.SchDoc with CHP0805AFX-1000ELF from 100ohm.SchLib
Update Managed Component R19 From CMP-2001-01411-1[RC0805JR-1010KL] To CMP-2001-01411-1[RC0805JR-1010KL] in bout.SchDoc
Update Managed Component R20 From CMP-03211-000377-1[RN73C2A4K7BTDF] To CMP-03211-000377-1[RN73C2A4K7BTDF] in bout.SchDoc
Replace Part T2 BC547CBU in C:\Users\Public\Documents\Altium\Projects\soldeer\bout.SchDoc with BC547CBU from BC547C.SchLib
Replace Part T3 IRF9Z34NPBF in C:\Users\Public\Documents\Altium\Projects\soldeer\bout.SchDoc with IRF9Z34NPBF from IRF9Z34NPEF.SchLib
Replace Part T4 BC547CBU in C:\Users\Public\Documents\Altium\Projects\soldeer\bout.SchDoc with BC547CBU from BC547C.SchLib
Replace Part T? BC547CBU in C:\Users\Public\Documents\Altium\Projects\soldeer\bout.SchDoc with BC547CBU from BC547C.SchLib
