Change Physical Footprint: Designator=B1 Old Footprint=TO750P480X2500X1900-4P New Footprint=TO750P480X2500X1900-4P
Change Physical Footprint: Designator=B2 Old Footprint=TO750P480X2500X1900-4P New Footprint=TO750P480X2500X1900-4P
Change Physical Footprint: Designator=C1 Old Footprint=FP-CRCW0805-e3-IPC_A New Footprint=FP-CRCW0805-e3-IPC_A
Change Physical Footprint: Designator=C2 Old Footprint=FP-CRCW0805-e3-IPC_A New Footprint=FP-CRCW0805-e3-IPC_A
Change Physical Footprint: Designator=C4 Old Footprint=CAPAE1050X1050N New Footprint=CAPAE1050X1050N
Change Physical Footprint: Designator=C21 Old Footprint=CAPAE1050X1050N New Footprint=CAPAE1050X1050N
Change Physical Footprint: Designator=D2 Old Footprint=TZMC5V1GS08 New Footprint=TZMC5V1GS08
Change Physical Footprint: Designator=D3 Old Footprint=NXP-SOD27-2_V New Footprint=NXP-SOD27-2_V
Change Physical Footprint: Designator=IC1 Old Footprint=MURA-OKI-78SR-3 New Footprint=MURA-OKI-78SR-3
Change Physical Footprint: Designator=IC2 Old Footprint=DIP781W56P254L950H533Q8N New Footprint=DIP781W56P254L950H533Q8N
Change Physical Footprint: Designator=IC3 Old Footprint=DIP1543W58P254L5175H635Q40N New Footprint=DIP1543W58P254L5175H635Q40N
Change Physical Footprint: Designator=K1 Old Footprint=1714971 New Footprint=1714971
Change Physical Footprint: Designator=K2 Old Footprint=1714971 New Footprint=1714971
Change Physical Footprint: Designator=K3 Old Footprint=1714971 New Footprint=1714971
Change Physical Footprint: Designator=K4 Old Footprint=10129380903001ALF New Footprint=10129380903001ALF
Change Physical Footprint: Designator=K5 Old Footprint=HDRV2W64P0X254_1X2_508X254X864P New Footprint=HDRV2W64P0X254_1X2_508X254X864P
Change Physical Footprint: Designator=K6 Old Footprint=HDRV5W63P0X254_1X5_1270X254X970P New Footprint=HDRV5W63P0X254_1X5_1270X254X970P
Change Physical Footprint: Designator=k7 Old Footprint=10129380903001ALF New Footprint=10129380903001ALF
Change Physical Footprint: Designator=K8 Old Footprint=1714971 New Footprint=1714971
Change Physical Footprint: Designator=K9 Old Footprint=HDRV5W63P0X254_1X5_1270X254X970P New Footprint=HDRV5W63P0X254_1X5_1270X254X970P
Change Physical Footprint: Designator=K10 Old Footprint=10129380903001ALF New Footprint=10129380903001ALF
Change Physical Footprint: Designator=k11 Old Footprint=M225320305R New Footprint=M225320305R
Change Physical Footprint: Designator=K12 Old Footprint=SHDRRA10W64P254X254_2X5_2036X885X910P New Footprint=SHDRRA10W64P254X254_2X5_2036X885X910P
Change Physical Footprint: Designator=K21 Old Footprint=SHDRRA10W64P254X254_2X5_2036X885X910P New Footprint=SHDRRA10W64P254X254_2X5_2036X885X910P
Change Physical Footprint: Designator=L1 Old Footprint=LQM18FN100M00D New Footprint=LQM18FN100M00D
Change Physical Footprint: Designator=L2 Old Footprint=CM2545X171B10 New Footprint=CM2545X171B10
Change Physical Footprint: Designator=LED1 Old Footprint=HDSP511A New Footprint=HDSP511A
Change Physical Footprint: Designator=LED2 Old Footprint=HDSP511A New Footprint=HDSP511A
Change Physical Footprint: Designator=LED3 Old Footprint=HDSP511A New Footprint=HDSP511A
Change Physical Footprint: Designator=LED4 Old Footprint=HDSP511A New Footprint=HDSP511A
Change Physical Footprint: Designator=R3 Old Footprint=RESC2012X65N New Footprint=RESC2012X65N
Change Physical Footprint: Designator=R8 Old Footprint=FP-CRCW0805-e3-IPC_A New Footprint=FP-CRCW0805-e3-IPC_A
Change Physical Footprint: Designator=R15 Old Footprint=FP-CRCW0805-e3-IPC_A New Footprint=FP-CRCW0805-e3-IPC_A
Change Physical Footprint: Designator=R18 Old Footprint=FP-CRCW0805-e3-IPC_A New Footprint=FP-CRCW0805-e3-IPC_A
Change Physical Footprint: Designator=RE1 Old Footprint=FP-RT424005F-MFG New Footprint=FP-RT424005F-MFG
Change Physical Footprint: Designator=T1 Old Footprint=BC547CBU New Footprint=BC547CBU
Change Physical Footprint: Designator=T2 Old Footprint=BC547CBU New Footprint=BC547CBU
Change Physical Footprint: Designator=T3 Old Footprint=TO254P469X1042X1967-3P New Footprint=TO254P469X1042X1967-3P
Change Physical Footprint: Designator=T4 Old Footprint=BC547CBU New Footprint=BC547CBU
Change Physical Footprint: Designator=T5 Old Footprint=SOT95P230X110-3N New Footprint=SOT95P230X110-3N
