Change Component Footprint: Designator=C1 Old Footprint=CAPPRD1000W80D2200H3700 New Footprint=FP-CRCW0805-e3-IPC_A
Change Footprint: Footprint Not Found FP-CR0805-IPC_A
Change Footprint: Footprint Not Found FP-CR0805-IPC_A
Change Footprint: Footprint Not Found FP-CR0805-IPC_A
Change Footprint: Footprint Not Found FP-CR0805-IPC_A
Change Component Library : Designator=T5 Old Library=* New Library=t5.SchLib
Added Component: Designator=C2(FP-CRCW0805-e3-IPC_A)
Add component (AddParameter): Name = "Capacitance"; Value = "10uF"; VariantName = "[No Variations]"
Add component (AddParameter): Name = "Case Code (Imperial)"; Value = "2220"; VariantName = "[No Variations]"
Add component (AddParameter): Name = "Case Code (Metric)"; Value = "5750"; VariantName = "[No Variations]"
Add component (AddParameter): Name = "Case/Package"; Value = "2220"; VariantName = "[No Variations]"
Add component (AddParameter): Name = "Depth"; Value = "5mm"; VariantName = "[No Variations]"
Add component (AddParameter): Name = "Dielectric"; Value = "X7R"; VariantName = "[No Variations]"
Add component (AddParameter): Name = "Features"; Value = "Soft Termination"; VariantName = "[No Variations]"
Add component (AddParameter): Name = "Length"; Value = "0.225inch"; VariantName = "[No Variations]"
Add component (AddParameter): Name = "Max Operating Temperature"; Value = "125°C"; VariantName = "[No Variations]"
Add component (AddParameter): Name = "Min Operating Temperature"; Value = "-55°C"; VariantName = "[No Variations]"
Add component (AddParameter): Name = "Mount"; Value = "Surface Mount"; VariantName = "[No Variations]"
Add component (AddParameter): Name = "Package Quantity"; Value = "500"; VariantName = "[No Variations]"
Add component (AddParameter): Name = "Packaging"; Value = "Tape and Reel"; VariantName = "[No Variations]"
Add component (AddParameter): Name = "Ratings"; Value = "AEC-Q200"; VariantName = "[No Variations]"
Add component (AddParameter): Name = "RoHS Compliant"; Value = "Yes"; VariantName = "[No Variations]"
Add component (AddParameter): Name = "Series"; Value = "FLEXITERM®"; VariantName = "[No Variations]"
Add component (AddParameter): Name = "Termination"; Value = "SMD/SMT"; VariantName = "[No Variations]"
Add component (AddParameter): Name = "Thickness"; Value = "0.09inch"; VariantName = "[No Variations]"
Add component (AddParameter): Name = "Tolerance"; Value = "20%"; VariantName = "[No Variations]"
Add component (AddParameter): Name = "Voltage Rating"; Value = "50V"; VariantName = "[No Variations]"
Add component (AddParameter): Name = "Voltage Rating (DC)"; Value = "50V"; VariantName = "[No Variations]"
Add component (AddParameter): Name = "Width"; Value = "0.197inch"; VariantName = "[No Variations]"
Add Component: Footprint Not Found FP-CR0805-IPC_A
Add Component: Footprint Not Found FP-CR0805-IPC_A
Add Component: Footprint Not Found FP-CR0805-IPC_A
Add Component: Footprint Not Found FP-CR0805-IPC_A
Add Component: Footprint Not Found FP-CR0805-IPC_A
Add Component: Footprint Not Found FP-CR0805-IPC_A
Add Component: Footprint Not Found FP-CR0805-IPC_A
Add Component: Footprint Not Found FP-CR0805-IPC_A
Add Component: Footprint Not Found FP-CR0805-IPC_A
Add Component: Footprint Not Found FP-CR0805-IPC_A
Add Component: Footprint Not Found FP-CR0805-IPC_A
Add Component: Footprint Not Found FP-CR0805-IPC_A
Add Component: Footprint Not Found FP-CR0805-IPC_A
Add Component: Footprint Not Found FP-CR0805-IPC_A
Add Component: Footprint Not Found FP-CR0805-IPC_A
Add Component: Footprint Not Found DIOD-DO-41-P-2_V
Added Component: Designator=D3(NXP-SOD27-2_V)
Add component (AddParameter): Name = "Cd"; Value = "4 pF Max."; VariantName = "[No Variations]"
Add component (AddParameter): Name = "ComponentLink1Description"; Value = "Manufacturer URL"; VariantName = "[No Variations]"
Add component (AddParameter): Name = "ComponentLink1URL"; Value = "http://www.nxp.com/"; VariantName = "[No Variations]"
Add component (AddParameter): Name = "ComponentLink2Description"; Value = "Datasheet"; VariantName = "[No Variations]"
Add component (AddParameter): Name = "ComponentLink2URL"; Value = "http://www.nxp.com/documents/data_sheet/1N4148_1N4448.pdf"; VariantName = "[No Variations]"
Add component (AddParameter): Name = "ComponentLink3Description"; Value = "Package Specification"; VariantName = "[No Variations]"
Add component (AddParameter): Name = "ComponentLink3URL"; Value = "http://www.nxp.com/documents/data_sheet/1N4148_1N4448.pdf"; VariantName = "[No Variations]"
Add component (AddParameter): Name = "Configuration"; Value = "Single"; VariantName = "[No Variations]"
Add component (AddParameter): Name = "DatasheetVersion"; Value = "Aug-04"; VariantName = "[No Variations]"
Add component (AddParameter): Name = "IF"; Value = "200 mA Max."; VariantName = "[No Variations]"
Add component (AddParameter): Name = "IFRM"; Value = "450 mA"; VariantName = "[No Variations]"
Add component (AddParameter): Name = "IFSM"; Value = "4 A Max."; VariantName = "[No Variations]"
Add component (AddParameter): Name = "IR (VR"; Value = "20 V)=25 nA"; VariantName = "[No Variations]"
Add component (AddParameter): Name = "Manufacturer"; Value = "NXP Semiconductors"; VariantName = "[No Variations]"
Add component (AddParameter): Name = "Mounting Technology"; Value = "Through Hole"; VariantName = "[No Variations]"
Add component (AddParameter): Name = "PackageDescription"; Value = "2-Pin Hermetically Sealed Glass Package, Axial Leaded, Dia 1.85 mm, Body Length 4.25 mm, Lead Spread 25.4 mm"; VariantName = "[No Variations]"
Add component (AddParameter): Name = "PackageReference"; Value = "SOD27"; VariantName = "[No Variations]"
Add component (AddParameter): Name = "PackageVersion"; Value = "Aug-04"; VariantName = "[No Variations]"
Add component (AddParameter): Name = "PartNumber"; Value = "1N4148"; VariantName = "[No Variations]"
Add component (AddParameter): Name = "RoHS"; Value = "TRUE"; VariantName = "[No Variations]"
Add component (AddParameter): Name = "Trr"; Value = "4 ns Max."; VariantName = "[No Variations]"
Add component (AddParameter): Name = "VF (IF"; Value = "10 mA)=1 V"; VariantName = "[No Variations]"
Add component (AddParameter): Name = "VR"; Value = "100 V Max."; VariantName = "[No Variations]"
Added Component: Designator=IC1(MURA-OKI-78SR-3)
Add component (AddParameter): Name = "Applications"; Value = "ITE(Commercial)"; VariantName = "[No Variations]"
Add component (AddParameter): Name = "Category"; Value = "PowerSupplies-BoardMount"; VariantName = "[No Variations]"
Add component (AddParameter): Name = "Current - Output (Max)"; Value = "1.5A"; VariantName = "[No Variations]"
Add component (AddParameter): Name = "Datasheet URL"; Value = "https://datasheet.ciiva.com/8006/1790439-8006672.pdf"; VariantName = "[No Variations]"
Add component (AddParameter): Name = "Datasheet Version"; Value = "Oct-13"; VariantName = "[No Variations]"
Add component (AddParameter): Name = "Efficiency"; Value = "90.5%"; VariantName = "[No Variations]"
Add component (AddParameter): Name = "Family"; Value = "DCDCConverters"; VariantName = "[No Variations]"
Add component (AddParameter): Name = "Features"; Value = "SCP"; VariantName = "[No Variations]"
Add component (AddParameter): Name = "Manufacturer"; Value = "Murata"; VariantName = "[No Variations]"
Add component (AddParameter): Name = "Manufacturer URL"; Value = "http://www.murata.com/"; VariantName = "[No Variations]"
Add component (AddParameter): Name = "Mounting Type"; Value = "ThroughHole"; VariantName = "[No Variations]"
Add component (AddParameter): Name = "Number of Outputs"; Value = "1"; VariantName = "[No Variations]"
Add component (AddParameter): Name = "Operating Temperature"; Value = "-40degC~85degC"; VariantName = "[No Variations]"
Add component (AddParameter): Name = "Package / Case"; Value = "3-SIPModule"; VariantName = "[No Variations]"
Add component (AddParameter): Name = "Packaging"; Value = "Tube"; VariantName = "[No Variations]"
Add component (AddParameter): Name = "Power (Watts) - Manufacture Series"; Value = "8W"; VariantName = "[No Variations]"
Add component (AddParameter): Name = "Power (Watts) - Max"; Value = "8W"; VariantName = "[No Variations]"
Add component (AddParameter): Name = "Series"; Value = "Okami™OKI-78SR"; VariantName = "[No Variations]"
Add component (AddParameter): Name = "Size / Dimension"; Value = "0.41"Lx0.30"Wx0.65"H(10.4mmx7.6mmx16.5mm)"; VariantName = "[No Variations]"
Add component (AddParameter): Name = "Type"; Value = "LinearRegulatorReplacement"; VariantName = "[No Variations]"
Add component (AddParameter): Name = "Voltage - Input (Max)"; Value = "36V"; VariantName = "[No Variations]"
Add component (AddParameter): Name = "Voltage - Input (Min)"; Value = "7V"; VariantName = "[No Variations]"
Add component (AddParameter): Name = "Voltage - Isolation"; Value = "-"; VariantName = "[No Variations]"
Add component (AddParameter): Name = "Voltage - Output 1"; Value = "5V"; VariantName = "[No Variations]"
Add component (AddParameter): Name = "Voltage - Output 2"; Value = "-"; VariantName = "[No Variations]"
Add component (AddParameter): Name = "Voltage - Output 3"; Value = "-"; VariantName = "[No Variations]"
Add Component: Footprint Not Found FP-CR0805-IPC_A
Add Component: Footprint Not Found FP-CR0805-IPC_A
Add Component: Footprint Not Found FP-CR0805-IPC_A
Add Component: Footprint Not Found FP-CR0805-IPC_A
Add Component: Footprint Not Found FP-CR0805-IPC_A
Add Component: Footprint Not Found FP-CR0805-IPC_A
Add Component: Footprint Not Found FP-CR0805-IPC_A
Add Component: Footprint Not Found FP-CR0805-IPC_A
Add Component: Footprint Not Found FP-CR0805-IPC_A
Add Component: Footprint Not Found FP-CR0805-IPC_A
Add Component: Footprint Not Found FP-CR0805-IPC_A
Add Component: Footprint Not Found FP-CR0805-IPC_A
Add Component: Footprint Not Found FP-CR0805-IPC_A
Add Component: Footprint Not Found FP-CR0805-IPC_A
Add Component: Footprint Not Found FP-CR0805-IPC_A
Add Component: Footprint Not Found FP-CR0805-IPC_A
Add Component: Footprint Not Found FP-CR0805-IPC_A
Add Component: Footprint Not Found FP-CR0805-IPC_A
Add Component: Footprint Not Found FP-CR0805-IPC_A
Add Component: Footprint Not Found FP-CR0805-IPC_A
Add Component: Footprint Not Found FP-CR0805-IPC_A
Added Component: Designator=RE1(FP-RT424005F-MFG)
Add component (AddParameter): Name = "Coil Current"; Value = "80.6mA"; VariantName = "[No Variations]"
Add component (AddParameter): Name = "Coil Power"; Value = "500mW"; VariantName = "[No Variations]"
Add component (AddParameter): Name = "Coil Resistance"; Value = "62R"; VariantName = "[No Variations]"
Add component (AddParameter): Name = "Coil Type"; Value = "Non-Latching"; VariantName = "[No Variations]"
Add component (AddParameter): Name = "Coil Voltage (DC)"; Value = "5V"; VariantName = "[No Variations]"
Add component (AddParameter): Name = "Contact Current Rating"; Value = "8A"; VariantName = "[No Variations]"
Add component (AddParameter): Name = "Contact Material"; Value = "Silver"; VariantName = "[No Variations]"
Add component (AddParameter): Name = "Contact Voltage Rating (AC)"; Value = "250V"; VariantName = "[No Variations]"
Add component (AddParameter): Name = "Dropout Voltage"; Value = "500mV"; VariantName = "[No Variations]"
Add component (AddParameter): Name = "ELV"; Value = "Compliant"; VariantName = "[No Variations]"
Add component (AddParameter): Name = "Height"; Value = "15.7mm"; VariantName = "[No Variations]"
Add component (AddParameter): Name = "Lead Free"; Value = "Lead Free"; VariantName = "[No Variations]"
Add component (AddParameter): Name = "Length"; Value = "29mm"; VariantName = "[No Variations]"
Add component (AddParameter): Name = "Max Operating Temperature"; Value = "85°C"; VariantName = "[No Variations]"
Add component (AddParameter): Name = "Max Voltage Rating (AC)"; Value = "400V"; VariantName = "[No Variations]"
Add component (AddParameter): Name = "Min Operating Temperature"; Value = "-40°C"; VariantName = "[No Variations]"
Add component (AddParameter): Name = "Mount"; Value = "Through Hole"; VariantName = "[No Variations]"
Add component (AddParameter): Name = "Operate Time"; Value = "7ms"; VariantName = "[No Variations]"
Add component (AddParameter): Name = "Package Quantity"; Value = "5000"; VariantName = "[No Variations]"
Add component (AddParameter): Name = "Packaging"; Value = "Carton"; VariantName = "[No Variations]"
Add component (AddParameter): Name = "Power Consumption"; Value = "400mW"; VariantName = "[No Variations]"
Add component (AddParameter): Name = "Radiation Hardening"; Value = "No"; VariantName = "[No Variations]"
Add component (AddParameter): Name = "Relay Type"; Value = "General Purpose"; VariantName = "[No Variations]"
Add component (AddParameter): Name = "Release Time"; Value = "3ms"; VariantName = "[No Variations]"
Add component (AddParameter): Name = "RoHS Compliant"; Value = "Yes"; VariantName = "[No Variations]"
Add component (AddParameter): Name = "Series"; Value = "RT2"; VariantName = "[No Variations]"
Add component (AddParameter): Name = "Termination"; Value = "PCB"; VariantName = "[No Variations]"
Add component (AddParameter): Name = "Throw Configuration"; Value = "DPDT"; VariantName = "[No Variations]"
Add component (AddParameter): Name = "Weight"; Value = "13g"; VariantName = "[No Variations]"
Add component (AddParameter): Name = "Width"; Value = "12.7mm"; VariantName = "[No Variations]"
Added Pin To Net: NetName=+5 Pin=C2-1
Added Pin To Net: NetName=GND Pin=C2-2
Add Pin To Net: Unknown Pin: Pin C3-1
Add Pin To Net: Unknown Pin: Pin C3-2
Add Pin To Net: Unknown Pin: Pin C5-1
Add Pin To Net: Unknown Pin: Pin C5-2
Add Pin To Net: Unknown Pin: Pin C6-1
Add Pin To Net: Unknown Pin: Pin C6-2
Add Pin To Net: Unknown Pin: Pin C7-1
Add Pin To Net: Unknown Pin: Pin C7-2
Add Pin To Net: Unknown Pin: Pin C8-1
Add Pin To Net: Unknown Pin: Pin C8-2
Add Pin To Net: Unknown Pin: Pin C9-1
Add Pin To Net: Unknown Pin: Pin C9-2
Add Pin To Net: Unknown Pin: Pin C10-1
Add Pin To Net: Unknown Pin: Pin C10-2
Add Pin To Net: Unknown Pin: Pin C11-1
Add Pin To Net: Unknown Pin: Pin C11-2
Add Pin To Net: Unknown Pin: Pin C12-2
Add Pin To Net: Unknown Pin: Pin C13-1
Add Pin To Net: Unknown Pin: Pin C13-2
Add Pin To Net: Unknown Pin: Pin C14-1
Add Pin To Net: Unknown Pin: Pin C14-2
Add Pin To Net: Unknown Pin: Pin C22-1
Add Pin To Net: Unknown Pin: Pin C22-2
Add Pin To Net: Unknown Pin: Pin C23-1
Add Pin To Net: Unknown Pin: Pin C23-2
Add Pin To Net: Unknown Pin: Pin C24-1
Add Pin To Net: Unknown Pin: Pin C24-2
Add Pin To Net: Unknown Pin: Pin C26-1
Add Pin To Net: Unknown Pin: Pin C26-2
Add Pin To Net: Unknown Pin: Pin D1-1
Add Pin To Net: Unknown Pin: Pin D1-2
Added Pin To Net: NetName=NetC14_2 Pin=D3-1
Added Pin To Net: NetName=+5 Pin=D3-2
Added Pin To Net: NetName=NetB2_1 Pin=IC1-1
Added Pin To Net: NetName=NetB1_4 Pin=IC1-2
Added Pin To Net: NetName=+5 Pin=IC1-3
Add Pin To Net: Unknown Pin: Pin R1-1
Add Pin To Net: Unknown Pin: Pin R1-2
Add Pin To Net: Unknown Pin: Pin R2-1
Add Pin To Net: Unknown Pin: Pin R2-2
Add Pin To Net: Unknown Pin: Pin R4-1
Add Pin To Net: Unknown Pin: Pin R4-2
Add Pin To Net: Unknown Pin: Pin R5-1
Add Pin To Net: Unknown Pin: Pin R5-2
Add Pin To Net: Unknown Pin: Pin R6-1
Add Pin To Net: Unknown Pin: Pin R6-2
Add Pin To Net: Unknown Pin: Pin R7-1
Add Pin To Net: Unknown Pin: Pin R7-2
Add Pin To Net: Unknown Pin: Pin R9-1
Add Pin To Net: Unknown Pin: Pin R9-2
Add Pin To Net: Unknown Pin: Pin R10-1
Add Pin To Net: Unknown Pin: Pin R10-2
Add Pin To Net: Unknown Pin: Pin R11-1
Add Pin To Net: Unknown Pin: Pin R11-2
Add Pin To Net: Unknown Pin: Pin R12-1
Add Pin To Net: Unknown Pin: Pin R12-2
Add Pin To Net: Unknown Pin: Pin R13-1
Add Pin To Net: Unknown Pin: Pin R13-2
Add Pin To Net: Unknown Pin: Pin R14-2
Add Pin To Net: Unknown Pin: Pin R16-1
Add Pin To Net: Unknown Pin: Pin R16-2
Add Pin To Net: Unknown Pin: Pin R17-1
Add Pin To Net: Unknown Pin: Pin R17-2
Add Pin To Net: Unknown Pin: Pin R19-1
Add Pin To Net: Unknown Pin: Pin R19-2
Add Pin To Net: Unknown Pin: Pin R20-1
Add Pin To Net: Unknown Pin: Pin R20-2
Add Pin To Net: Unknown Pin: Pin R21-1
Add Pin To Net: Unknown Pin: Pin R21-2
Add Pin To Net: Unknown Pin: Pin R22-1
Add Pin To Net: Unknown Pin: Pin R22-2
Add Pin To Net: Unknown Pin: Pin R23-1
Add Pin To Net: Unknown Pin: Pin R23-2
Add Pin To Net: Unknown Pin: Pin R24-1
Add Pin To Net: Unknown Pin: Pin R24-2
Add Pin To Net: Unknown Pin: Pin R25-1
Add Pin To Net: Unknown Pin: Pin R25-2
Added Pin To Net: NetName=NetB1_2 Pin=RE1-11
Added Pin To Net: NetName=NetK2_2 Pin=RE1-12
Added Pin To Net: NetName=NetB2_2 Pin=RE1-21
Added Pin To Net: NetName=NetB1_3 Pin=RE1-22
Added Pin To Net: NetName=NetK2_2 Pin=RE1-24
Added Pin To Net: NetName=+5 Pin=RE1-A1
Added Pin To Net: NetName=NetD1_1 Pin=RE1-A2
Added Pin To Net: NetName=NetC12_1 Pin=IC3-10
Added Net: Name=NetC12_1
Added Member To Class: ClassName=bout Member=Component C2 22205C106M4Z2A
Add Class Member: Failed to add class member : Component C3 C0805T104K5RALTU
Add Class Member: Failed to add class member : Component C5 22205C106M4Z2A
Add Class Member: Failed to add class member : Component C6 04025C103MAT2A
Add Class Member: Failed to add class member : Component C7 04025C103MAT2A
Add Class Member: Failed to add class member : Component C8 C0805T104K5RALTU
Add Class Member: Failed to add class member : Component C9 C0805T104K5RALTU
Add Class Member: Failed to add class member : Component C10
Add Class Member: Failed to add class member : Component C11 C0805T104K5RALTU
Add Class Member: Failed to add class member : Component C12 04025C103MAT2A
Add Class Member: Failed to add class member : Component C13 04025C103MAT2A
Add Class Member: Failed to add class member : Component C14 C0805T104K5RALTU
Add Class Member: Failed to add class member : Component C22 C0805T104K5RALTU
Add Class Member: Failed to add class member : Component C23 04025C103MAT2A
Add Class Member: Failed to add class member : Component C24 04025C103MAT2A
Add Class Member: Failed to add class member : Component C26 04025C103MAT2A
Add Class Member: Failed to add class member : Component D1 1N4007-T
Added Member To Class: ClassName=controller Member=Component D3 1N4148
Added Member To Class: ClassName=input Member=Component IC1 OKI-78SR-5/1.5-W36-C
Add Class Member: Failed to add class member : Component R1 CR0805-JW-183ELF
Add Class Member: Failed to add class member : Component R2 RP73D2A1M0BTDF
Add Class Member: Failed to add class member : Component R4 CRCW04025K60FKED
Add Class Member: Failed to add class member : Component R5 CRCW04025K60FKED
Add Class Member: Failed to add class member : Component R6 RC0805JR-1010KL
Add Class Member: Failed to add class member : Component R7 RC0805JR-1010KL
Add Class Member: Failed to add class member : Component R9 CRCW080510M0FKEA
Add Class Member: Failed to add class member : Component R10 RN73C2A4K7BTDF
Add Class Member: Failed to add class member : Component R11 CR0805-JW-183ELF
Add Class Member: Failed to add class member : Component R12 CR0805-JW-183ELF
Add Class Member: Failed to add class member : Component R13 CRCW04025K60FKED
Add Class Member: Failed to add class member : Component R14 CRCW04025K60FKED
Add Class Member: Failed to add class member : Component R16 RN73C2A4K7BTDF
Add Class Member: Failed to add class member : Component R17 RN73C2A4K7BTDF
Add Class Member: Failed to add class member : Component R19 RC0805JR-1010KL
Add Class Member: Failed to add class member : Component R20 RN73C2A4K7BTDF
Add Class Member: Failed to add class member : Component R21 RN73C2A4K7BTDF
Add Class Member: Failed to add class member : Component R22 RN73C2A4K7BTDF
Add Class Member: Failed to add class member : Component R23 RC0805JR-1010KL
Add Class Member: Failed to add class member : Component R24 RC0805JR-1010KL
Add Class Member: Failed to add class member : Component R25 RC0805JR-1010KL
Added Member To Class: ClassName=input Member=Component RE1 RT424005F
Added Room: Name=bout
Added Room: Name=controller
Added Room: Name=input
