Change Component Footprint: Designator=C2 Old Footprint=FP-CRCW0805-e3-IPC_A New Footprint=FP-CRCW0805-e3-IPC_A
Change Footprint: Footprint Not Found FP-CR0805-IPC_A
Change Footprint: Footprint Not Found FP-CR0805-IPC_A
Change Component Footprint: Designator=R8 Old Footprint=RESC2012X60N New Footprint=FP-CRCW0805-e3-IPC_A
Change Footprint: Footprint Not Found FP-CR0805-IPC_A
Add Component: Footprint Not Found FP-CR0805-IPC_A
Add Component: Footprint Not Found FP-CR0805-IPC_A
Add Component: Footprint Not Found FP-CR0805-IPC_A
Add Component: Footprint Not Found FP-CR0805-IPC_A
Add Component: Footprint Not Found FP-CR0805-IPC_A
Add Component: Footprint Not Found FP-CR0805-IPC_A
Add Component: Footprint Not Found FP-CR0805-IPC_A
Add Component: Footprint Not Found FP-CR0805-IPC_A
Add Component: Footprint Not Found FP-CR0805-IPC_A
Add Component: Footprint Not Found FP-CR0805-IPC_A
Add Component: Footprint Not Found FP-CR0805-IPC_A
Add Component: Footprint Not Found FP-CR0805-IPC_A
Add Component: Footprint Not Found FP-CR0805-IPC_A
Add Component: Footprint Not Found FP-CR0805-IPC_A
Add Component: Footprint Not Found FP-CR0805-IPC_A
Add Component: Footprint Not Found DIOD-DO-41-P-2_V
Add Component: Footprint Not Found FP-CR0805-IPC_A
Add Component: Footprint Not Found FP-CR0805-IPC_A
Add Component: Footprint Not Found FP-CR0805-IPC_A
Add Component: Footprint Not Found FP-CR0805-IPC_A
Add Component: Footprint Not Found FP-CR0805-IPC_A
Add Component: Footprint Not Found FP-CR0805-IPC_A
Add Component: Footprint Not Found FP-CR0805-IPC_A
Add Component: Footprint Not Found FP-CR0805-IPC_A
Add Component: Footprint Not Found FP-CR0805-IPC_A
Add Component: Footprint Not Found FP-CR0805-IPC_A
Add Component: Footprint Not Found FP-CR0805-IPC_A
Add Component: Footprint Not Found FP-CR0805-IPC_A
Add Component: Footprint Not Found FP-CR0805-IPC_A
Add Component: Footprint Not Found FP-CR0805-IPC_A
Add Component: Footprint Not Found FP-CR0805-IPC_A
Add Component: Footprint Not Found FP-CR0805-IPC_A
Add Component: Footprint Not Found FP-CR0805-IPC_A
Add Component: Footprint Not Found FP-CR0805-IPC_A
Add Component: Footprint Not Found FP-CR0805-IPC_A
Add Component: Footprint Not Found FP-CR0805-IPC_A
Add Component: Footprint Not Found FP-CR0805-IPC_A
Add Pin To Net: Unknown Pin: Pin C3-1
Add Pin To Net: Unknown Pin: Pin C3-2
Add Pin To Net: Unknown Pin: Pin C5-1
Add Pin To Net: Unknown Pin: Pin C5-2
Add Pin To Net: Unknown Pin: Pin C6-1
Add Pin To Net: Unknown Pin: Pin C6-2
Add Pin To Net: Unknown Pin: Pin C7-1
Add Pin To Net: Unknown Pin: Pin C7-2
Add Pin To Net: Unknown Pin: Pin C8-1
Add Pin To Net: Unknown Pin: Pin C8-2
Add Pin To Net: Unknown Pin: Pin C9-1
Add Pin To Net: Unknown Pin: Pin C9-2
Add Pin To Net: Unknown Pin: Pin C10-1
Add Pin To Net: Unknown Pin: Pin C10-2
Add Pin To Net: Unknown Pin: Pin C11-1
Add Pin To Net: Unknown Pin: Pin C11-2
Add Pin To Net: Unknown Pin: Pin C12-1
Add Pin To Net: Unknown Pin: Pin C12-2
Add Pin To Net: Unknown Pin: Pin C13-1
Add Pin To Net: Unknown Pin: Pin C13-2
Add Pin To Net: Unknown Pin: Pin C14-1
Add Pin To Net: Unknown Pin: Pin C14-2
Add Pin To Net: Unknown Pin: Pin C22-1
Add Pin To Net: Unknown Pin: Pin C22-2
Add Pin To Net: Unknown Pin: Pin C23-1
Add Pin To Net: Unknown Pin: Pin C23-2
Add Pin To Net: Unknown Pin: Pin C24-1
Add Pin To Net: Unknown Pin: Pin C24-2
Add Pin To Net: Unknown Pin: Pin C26-1
Add Pin To Net: Unknown Pin: Pin C26-2
Add Pin To Net: Unknown Pin: Pin D1-1
Add Pin To Net: Unknown Pin: Pin D1-2
Add Pin To Net: Unknown Pin: Pin R1-1
Add Pin To Net: Unknown Pin: Pin R1-2
Add Pin To Net: Unknown Pin: Pin R2-1
Add Pin To Net: Unknown Pin: Pin R2-2
Add Pin To Net: Unknown Pin: Pin R4-1
Add Pin To Net: Unknown Pin: Pin R4-2
Add Pin To Net: Unknown Pin: Pin R5-1
Add Pin To Net: Unknown Pin: Pin R5-2
Add Pin To Net: Unknown Pin: Pin R6-1
Add Pin To Net: Unknown Pin: Pin R6-2
Add Pin To Net: Unknown Pin: Pin R7-1
Add Pin To Net: Unknown Pin: Pin R7-2
Add Pin To Net: Unknown Pin: Pin R9-1
Add Pin To Net: Unknown Pin: Pin R9-2
Add Pin To Net: Unknown Pin: Pin R10-1
Add Pin To Net: Unknown Pin: Pin R10-2
Add Pin To Net: Unknown Pin: Pin R11-1
Add Pin To Net: Unknown Pin: Pin R11-2
Add Pin To Net: Unknown Pin: Pin R12-1
Add Pin To Net: Unknown Pin: Pin R12-2
Add Pin To Net: Unknown Pin: Pin R13-1
Add Pin To Net: Unknown Pin: Pin R13-2
Add Pin To Net: Unknown Pin: Pin R14-1
Add Pin To Net: Unknown Pin: Pin R14-2
Add Pin To Net: Unknown Pin: Pin R16-1
Add Pin To Net: Unknown Pin: Pin R16-2
Add Pin To Net: Unknown Pin: Pin R17-1
Add Pin To Net: Unknown Pin: Pin R17-2
Add Pin To Net: Unknown Pin: Pin R19-1
Add Pin To Net: Unknown Pin: Pin R19-2
Add Pin To Net: Unknown Pin: Pin R20-1
Add Pin To Net: Unknown Pin: Pin R20-2
Add Pin To Net: Unknown Pin: Pin R21-1
Add Pin To Net: Unknown Pin: Pin R21-2
Add Pin To Net: Unknown Pin: Pin R22-1
Add Pin To Net: Unknown Pin: Pin R22-2
Add Pin To Net: Unknown Pin: Pin R23-1
Add Pin To Net: Unknown Pin: Pin R23-2
Add Pin To Net: Unknown Pin: Pin R24-1
Add Pin To Net: Unknown Pin: Pin R24-2
Add Pin To Net: Unknown Pin: Pin R25-1
Add Pin To Net: Unknown Pin: Pin R25-2
Add Class Member: Failed to add class member : Component C3 C0805T104K5RALTU
Add Class Member: Failed to add class member : Component C5 22205C106M4Z2A
Add Class Member: Failed to add class member : Component C6 04025C103MAT2A
Add Class Member: Failed to add class member : Component C7 04025C103MAT2A
Add Class Member: Failed to add class member : Component C8 C0805T104K5RALTU
Add Class Member: Failed to add class member : Component C9 C0805T104K5RALTU
Add Class Member: Failed to add class member : Component C10
Add Class Member: Failed to add class member : Component C11 C0805T104K5RALTU
Add Class Member: Failed to add class member : Component C12 04025C103MAT2A
Add Class Member: Failed to add class member : Component C13 04025C103MAT2A
Add Class Member: Failed to add class member : Component C14 C0805T104K5RALTU
Add Class Member: Failed to add class member : Component C22 C0805T104K5RALTU
Add Class Member: Failed to add class member : Component C23 04025C103MAT2A
Add Class Member: Failed to add class member : Component C24 04025C103MAT2A
Add Class Member: Failed to add class member : Component C26 04025C103MAT2A
Add Class Member: Failed to add class member : Component D1 1N4007-T
Add Class Member: Failed to add class member : Component R1 CR0805-JW-183ELF
Add Class Member: Failed to add class member : Component R2 RP73D2A1M0BTDF
Add Class Member: Failed to add class member : Component R4 CRCW04025K60FKED
Add Class Member: Failed to add class member : Component R5 CRCW04025K60FKED
Add Class Member: Failed to add class member : Component R6 RC0805JR-1010KL
Add Class Member: Failed to add class member : Component R7 RC0805JR-1010KL
Add Class Member: Failed to add class member : Component R9 CRCW080510M0FKEA
Add Class Member: Failed to add class member : Component R10 RN73C2A4K7BTDF
Add Class Member: Failed to add class member : Component R11 CR0805-JW-183ELF
Add Class Member: Failed to add class member : Component R12 CR0805-JW-183ELF
Add Class Member: Failed to add class member : Component R13 CRCW04025K60FKED
Add Class Member: Failed to add class member : Component R14 CRCW04025K60FKED
Add Class Member: Failed to add class member : Component R16 RN73C2A4K7BTDF
Add Class Member: Failed to add class member : Component R17 RN73C2A4K7BTDF
Add Class Member: Failed to add class member : Component R19 RC0805JR-1010KL
Add Class Member: Failed to add class member : Component R20 RN73C2A4K7BTDF
Add Class Member: Failed to add class member : Component R21 RN73C2A4K7BTDF
Add Class Member: Failed to add class member : Component R22 RN73C2A4K7BTDF
Add Class Member: Failed to add class member : Component R23 RC0805JR-1010KL
Add Class Member: Failed to add class member : Component R24 RC0805JR-1010KL
Add Class Member: Failed to add class member : Component R25 RC0805JR-1010KL
