Replace Part BR? KBJ608G in C:\Users\Public\Documents\Altium\Projects\soldeer\Sheet1.SchDoc with KBJ608G from bridgerecitief.SchLib
Replace Part C? ESK478M050AQ3AA in C:\Users\Public\Documents\Altium\Projects\soldeer\Sheet1.SchDoc with ESK478M050AQ3AA from con4700u.SchLib
Replace Part C? MAL215097101E3 in C:\Users\Public\Documents\Altium\Projects\soldeer\Sheet1.SchDoc with MAL215097101E3 from C4r.SchLib
Replace Part DS? HDSP-511A in C:\Users\Public\Documents\Altium\Projects\soldeer\Sheet1.SchDoc with HDSP-511A from led.SchLib
Replace Part F? SF-2410SP063W-2 in C:\Users\Public\Documents\Altium\Projects\soldeer\Sheet1.SchDoc with SF-2410SP063W-2 from zekering1.SchLib
Replace Part FL? 4700-003MLF in C:\Users\Public\Documents\Altium\Projects\soldeer\Sheet1.SchDoc with 4700-003MLF from 4700-003.SchLib
Replace Part IC? ATMEGA4809-PF in C:\Users\Public\Documents\Altium\Projects\soldeer\Sheet1.SchDoc with ATMEGA4809-PF from 8bit.SchLib
Replace Part IC? MCP6002-I_P in C:\Users\Public\Documents\Altium\Projects\soldeer\Sheet1.SchDoc with MCP6002-I_P from dualopamp.SchLib
Replace Part J? 825433-5 in C:\Users\Public\Documents\Altium\Projects\soldeer\Sheet1.SchDoc with 825433-5 from pin1x5.SchLib
Replace Part J? 10129380-903001ALF in C:\Users\Public\Documents\Altium\Projects\soldeer\Sheet1.SchDoc with 10129380-903001ALF from pin1x3.SchLib
Replace Part J? 825433-4 in C:\Users\Public\Documents\Altium\Projects\soldeer\Sheet1.SchDoc with 825433-4 from pin1x4.SchLib
Replace Part J? M20-9990245 in C:\Users\Public\Documents\Altium\Projects\soldeer\Sheet1.SchDoc with M20-9990245 from 1x2.SchLib
Replace Part J? 1714971 in C:\Users\Public\Documents\Altium\Projects\soldeer\Sheet1.SchDoc with 1714971 from terminal.SchLib
Replace Part J? 825433-7 in C:\Users\Public\Documents\Altium\Projects\soldeer\Sheet1.SchDoc with 825433-7 from pin1x7.SchLib
Replace Part J? 61201021721 in C:\Users\Public\Documents\Altium\Projects\soldeer\Sheet1.SchDoc with 61201021721 from boxheader.SchLib
Replace Part J? 1716020000 in C:\Users\Public\Documents\Altium\Projects\soldeer\Sheet1.SchDoc with 1716020000 from pin1x3.SchLib
Replace Part K? RT424005 in C:\Users\Public\Documents\Altium\Projects\soldeer\Sheet1.SchDoc with RT424005 from vermogenrelais.SchLib
Replace Part L? LQM18FN1R0M00D in C:\Users\Public\Documents\Altium\Projects\soldeer\Sheet1.SchDoc with LQM18FN1R0M00D from smoor1.SchLib
Replace Part PS? RPMH5.0-1.5-CT in C:\Users\Public\Documents\Altium\Projects\soldeer\Sheet1.SchDoc with RPMH5.0-1.5-CT from dc converter.SchLib
Replace Part Q? BC547CBU in C:\Users\Public\Documents\Altium\Projects\soldeer\Sheet1.SchDoc with BC547CBU from BC547C.SchLib
Replace Part Q? IRF9Z34NPBF in C:\Users\Public\Documents\Altium\Projects\soldeer\Sheet1.SchDoc with IRF9Z34NPBF from IRF9Z34NPEF.SchLib
Replace Part R? KTR10EZPJ683 in C:\Users\Public\Documents\Altium\Projects\soldeer\Sheet1.SchDoc with KTR10EZPJ683 from R3.SchLib
Replace Part R? CHP0805AFX-1000ELF in C:\Users\Public\Documents\Altium\Projects\soldeer\Sheet1.SchDoc with CHP0805AFX-1000ELF from 100ohm.SchLib
Replace Part T? CM2545X171B-10 in C:\Users\Public\Documents\Altium\Projects\soldeer\Sheet1.SchDoc with CM2545X171B-10 from smoor2.SchLib
Replace Part Z? TZMC5V1-GS08 in C:\Users\Public\Documents\Altium\Projects\soldeer\Sheet1.SchDoc with TZMC5V1-GS08 from zener.SchLib
